for 5 reads
run times were [1.799, 1.576, 1.536, 1.6, 1.5470000000000002, 1.576]
mean=1.6056666666666668, var=0.00791088888888888 
--------------------------------------------------
for 10 reads
run times were [1.647, 1.696, 1.6560000000000001, 1.69, 1.679, 1.6949999999999998]
mean=1.6771666666666667, var=0.0003664722222222196 
--------------------------------------------------
for 20 reads
run times were [1.8820000000000001, 1.875, 1.846, 1.897, 1.911, 1.8559999999999999]
mean=1.8778333333333332, var=0.0004971388888888895 
--------------------------------------------------
for 30 reads
run times were [2.189, 2.182, 2.18, 2.154, 2.134, 2.148]
mean=2.1645, var=0.00040991666666666824 
--------------------------------------------------
for 40 reads
run times were [2.402, 2.418, 2.408, 2.413, 2.396, 2.403]
mean=2.4066666666666667, var=5.3222222222222435e-05 
--------------------------------------------------
for 50 reads
run times were [2.6189999999999998, 2.622, 2.628, 2.652, 2.68, 2.628]
mean=2.6381666666666668, var=0.00046280555555555967 
--------------------------------------------------
for 100 reads
run times were [3.825, 3.856, 3.776, 3.851, 3.774, 3.805]
mean=3.8145000000000002, var=0.001062916666666667 
--------------------------------------------------
for 150 reads
run times were [4.993, 4.938, 4.983, 4.996, 4.976, 4.982]
mean=4.978000000000001, var=0.00036566666666667434 
--------------------------------------------------
for 200 reads
run times were [6.05, 6.173, 6.183, 6.134, 6.194, 6.168]
mean=6.150333333333333, var=0.002355555555555558 
--------------------------------------------------
for 250 reads
run times were [8.533, 7.274, 7.245, 7.236, 7.335, 7.2379999999999995]
mean=7.4768333333333326, var=0.22425580555555544 
--------------------------------------------------
